<?xml version="1.0" encoding="UTF-8"?>
<testsuite name="Automatizacion de aplicacion coursera," tests="1" skipped="0" failures="0" errors="0" timestamp="2021-11-16T20:08:27" hostname="LAPTOP-J0TUQVKU" time="50.017">
  <properties/>
  <testcase name="Autenticacación en aplicacion coursera" classname="Automatizacion de aplicacion coursera," time="50.017"/>
  <system-out><![CDATA[]]></system-out>
  <system-err><![CDATA[nov 16, 2021 3:08:38 PM io.appium.java_client.remote.AppiumCommandExecutor$1 lambda$0
INFORMACIÓN: Detected dialect: W3C
[Test worker] INFO net.thucydides.core.steps.ConsoleLoggingListener - 
        __    _____ _____ ____ _____   ____   _    ____  ____  _____ ____  
  _     \ \  |_   _| ____/ ___|_   _| |  _ \ / \  / ___|/ ___|| ____|  _ \ 
 (_)_____| |   | | |  _| \___ \ | |   | |_) / _ \ \___ \\___ \|  _| | | | |
  _|_____| |   | | | |___ ___) || |   |  __/ ___ \ ___) |___) | |___| |_| |
 (_)     | |   |_| |_____|____/ |_|   |_| /_/   \_\____/|____/|_____|____/ 
        /_/                                                                

TEST PASSED: Autenticacación en aplicacion coursera
----------------------------------------------------------------------------
]]></system-err>
</testsuite>
